t=2020-08-05T01:31:16-0400 lvl=trce msg="Plugin conf load successfully!" module=pluginmgr pluginCount=14
t=2020-08-05T01:31:16-0400 lvl=trce msg="start autoloadPlugins" module=pluginmgr pluginPath=plugins/autoload
t=2020-08-05T01:31:16-0400 lvl=trce msg="Load a plugin successfully" module=pluginmgr name=crypto subtype=default
t=2020-08-05T01:31:26-0400 lvl=trce msg="Plugin conf load successfully!" module=pluginmgr pluginCount=14
t=2020-08-05T01:31:26-0400 lvl=trce msg="start autoloadPlugins" module=pluginmgr pluginPath=plugins/autoload
t=2020-08-05T01:31:26-0400 lvl=trce msg="Load a plugin successfully" module=pluginmgr name=crypto subtype=default
t=2020-08-05T01:31:27-0400 lvl=trce msg="Plugin conf load successfully!" module=pluginmgr pluginCount=14
t=2020-08-05T01:31:27-0400 lvl=trce msg="start autoloadPlugins" module=pluginmgr pluginPath=plugins/autoload
t=2020-08-05T01:31:27-0400 lvl=trce msg="Load a plugin successfully" module=pluginmgr name=crypto subtype=default
t=2020-08-05T02:23:47-0400 lvl=trce msg="Plugin conf load successfully!" module=pluginmgr pluginCount=14
t=2020-08-05T02:23:47-0400 lvl=trce msg="start autoloadPlugins" module=pluginmgr pluginPath=plugins/autoload
t=2020-08-05T02:23:47-0400 lvl=warn msg="Warn: plugin open failed!" module=pluginmgr pluginname=kv err="plugin.Open(\"/home/tp/xuperchain/test/plugins/kv/kv-ldb-single.so.1.0.0\"): realpath failed"
t=2020-08-05T02:27:18-0400 lvl=trce msg="Plugin conf load successfully!" module=pluginmgr pluginCount=14
t=2020-08-05T02:27:18-0400 lvl=trce msg="start autoloadPlugins" module=pluginmgr pluginPath=plugins/autoload
t=2020-08-05T02:27:18-0400 lvl=trce msg="Load a plugin successfully" module=pluginmgr name=kv subtype=default
t=2020-08-05T02:27:18-0400 lvl=trce msg="Load a plugin successfully" module=pluginmgr name=crypto subtype=default
t=2020-08-05T02:27:18-0400 lvl=trce msg="Load a plugin successfully" module=pluginmgr name=kv subtype=default
t=2020-08-06T10:24:00+0000 lvl=trce msg="Plugin conf load successfully!" module=pluginmgr pluginCount=14
t=2020-08-06T10:24:00+0000 lvl=trce msg="start autoloadPlugins" module=pluginmgr pluginPath=plugins/autoload
t=2020-08-06T10:24:00+0000 lvl=warn msg="Warn: plugin open failed!" module=pluginmgr pluginname=p2p err="plugin.Open(\"/home/tp/xuperchain/test/plugins/p2p/p2p-p2pv2.so.1.0.0\"): realpath failed"
t=2020-08-06T10:26:09+0000 lvl=trce msg="Plugin conf load successfully!" module=pluginmgr pluginCount=14
t=2020-08-06T10:26:09+0000 lvl=trce msg="start autoloadPlugins" module=pluginmgr pluginPath=plugins/autoload
t=2020-08-06T10:26:09+0000 lvl=trce msg="Load a plugin successfully" module=pluginmgr name=p2p subtype=p2pv2
t=2020-08-06T10:26:09+0000 lvl=trce msg="Load a plugin successfully" module=pluginmgr name=crypto subtype=default
t=2020-08-06T10:26:09+0000 lvl=trce msg="Load a plugin successfully" module=pluginmgr name=kv subtype=default
t=2020-08-06T10:26:09+0000 lvl=trce msg="Load a plugin successfully" module=pluginmgr name=kv subtype=default
t=2020-08-06T10:26:10+0000 lvl=trce msg="Load a plugin successfully" module=pluginmgr name=consensus subtype=tdpos
t=2020-08-06T10:26:47+0000 lvl=trce msg="Plugin conf load successfully!" module=pluginmgr pluginCount=14
t=2020-08-06T10:26:47+0000 lvl=trce msg="start autoloadPlugins" module=pluginmgr pluginPath=plugins/autoload
t=2020-08-06T10:26:47+0000 lvl=trce msg="Load a plugin successfully" module=pluginmgr name=p2p subtype=p2pv2
t=2020-08-06T10:26:47+0000 lvl=trce msg="Load a plugin successfully" module=pluginmgr name=crypto subtype=default
t=2020-08-06T10:26:47+0000 lvl=trce msg="Load a plugin successfully" module=pluginmgr name=kv subtype=default
t=2020-08-06T10:26:47+0000 lvl=trce msg="Load a plugin successfully" module=pluginmgr name=kv subtype=default
t=2020-08-06T10:26:47+0000 lvl=trce msg="Load a plugin successfully" module=pluginmgr name=consensus subtype=tdpos
